<?xml version="1.0" encoding="UTF-8"?>
<robot generator="Robot 6.0.2 (Python 3.11.3 on win32)" generated="20230427 16:12:08.027" rpa="false" schemaversion="3">
<suite id="s1" name="Test Login Rf" source="C:\Users\marta\Documents\GitHub\panelscout_robotframework\test_login_rf.robot">
<test id="s1-t1" name="Login to the system" line="14">
<kw name="Open login page">
<kw name="Open Browser" library="SeleniumLibrary">
<arg>${LOGIN URL}</arg>
<arg>${BROWSER}</arg>
<doc>Opens a new browser instance to the optional ``url``.</doc>
<msg timestamp="20230427 16:12:08.391" level="INFO">Opening browser 'Chrome' to base url 'https://scouts-test.futbolkolektyw.pl/en'.</msg>
<msg timestamp="20230427 16:12:08.403" level="INFO">Executing: C:\Users\marta\Documents\GitHub\panelscout_robotframework\venv\Lib\site-packages\selenium\webdriver\common\windows\selenium-manager.exe --browser chrome --output json</msg>
<status status="PASS" starttime="20230427 16:12:08.390" endtime="20230427 16:12:11.365"/>
</kw>
<kw name="Title Should Be" library="SeleniumLibrary">
<arg>Scouts panel - sign in</arg>
<doc>Verifies that the current page title equals ``title``.</doc>
<msg timestamp="20230427 16:12:11.377" level="INFO">Page title is 'Scouts panel - sign in'.</msg>
<status status="PASS" starttime="20230427 16:12:11.366" endtime="20230427 16:12:11.377"/>
</kw>
<status status="PASS" starttime="20230427 16:12:08.389" endtime="20230427 16:12:11.377"/>
</kw>
<kw name="Type in email">
<kw name="Input Text" library="SeleniumLibrary">
<arg>${LOGININPUT}</arg>
<arg>user04@getnada.com</arg>
<doc>Types the given ``text`` into the text field identified by ``locator``.</doc>
<msg timestamp="20230427 16:12:11.379" level="INFO">Typing text 'user04@getnada.com' into text field 'xpath=//*[@id='login']'.</msg>
<status status="PASS" starttime="20230427 16:12:11.378" endtime="20230427 16:12:11.610"/>
</kw>
<status status="PASS" starttime="20230427 16:12:11.378" endtime="20230427 16:12:11.610"/>
</kw>
<kw name="Type in password">
<kw name="Input Text" library="SeleniumLibrary">
<arg>${PASSWORDINPUT}</arg>
<arg>Test-1234</arg>
<doc>Types the given ``text`` into the text field identified by ``locator``.</doc>
<msg timestamp="20230427 16:12:11.611" level="INFO">Typing text 'Test-1234' into text field 'xpath=//*[@id='password']'.</msg>
<status status="PASS" starttime="20230427 16:12:11.611" endtime="20230427 16:12:11.759"/>
</kw>
<status status="PASS" starttime="20230427 16:12:11.610" endtime="20230427 16:12:11.760"/>
</kw>
<kw name="Click on The Submit button">
<kw name="Click Element" library="SeleniumLibrary">
<arg>${SIGNINBUTTON}</arg>
<doc>Click the element identified by ``locator``.</doc>
<msg timestamp="20230427 16:12:11.761" level="INFO">Clicking element 'xpath=//*[@type='submit']'.</msg>
<status status="PASS" starttime="20230427 16:12:11.760" endtime="20230427 16:12:11.824"/>
</kw>
<status status="PASS" starttime="20230427 16:12:11.760" endtime="20230427 16:12:11.824"/>
</kw>
<kw name="Assert dashboard">
<kw name="Wait Until Element Is Visible" library="SeleniumLibrary">
<arg>${PAGELOGO}</arg>
<doc>Waits until the element ``locator`` is visible.</doc>
<status status="PASS" starttime="20230427 16:12:11.824" endtime="20230427 16:12:11.857"/>
</kw>
<kw name="Title Should Be" library="SeleniumLibrary">
<arg>Scouts panel - sign in</arg>
<doc>Verifies that the current page title equals ``title``.</doc>
<msg timestamp="20230427 16:12:11.862" level="INFO">Page title is 'Scouts panel - sign in'.</msg>
<status status="PASS" starttime="20230427 16:12:11.857" endtime="20230427 16:12:11.862"/>
</kw>
<kw name="Capture Page Screenshot" library="SeleniumLibrary">
<arg>alert.png</arg>
<doc>Takes a screenshot of the current page and embeds it into a log file.</doc>
<msg timestamp="20230427 16:12:12.082" level="INFO" html="true">&lt;/td&gt;&lt;/tr&gt;&lt;tr&gt;&lt;td colspan="3"&gt;&lt;a href="alert.png"&gt;&lt;img src="alert.png" width="800px"&gt;&lt;/a&gt;</msg>
<status status="PASS" starttime="20230427 16:12:11.862" endtime="20230427 16:12:12.083"/>
</kw>
<status status="PASS" starttime="20230427 16:12:11.824" endtime="20230427 16:12:12.083"/>
</kw>
<kw name="Close Browser" library="SeleniumLibrary" type="TEARDOWN">
<doc>Closes the current browser.</doc>
<status status="PASS" starttime="20230427 16:12:12.084" endtime="20230427 16:12:14.294"/>
</kw>
<status status="PASS" starttime="20230427 16:12:08.388" endtime="20230427 16:12:14.295"/>
</test>
<doc>Suite description #automated tests for scout website</doc>
<status status="PASS" starttime="20230427 16:12:08.029" endtime="20230427 16:12:14.301"/>
</suite>
<statistics>
<total>
<stat pass="1" fail="0" skip="0">All Tests</stat>
</total>
<tag>
</tag>
<suite>
<stat pass="1" fail="0" skip="0" id="s1" name="Test Login Rf">Test Login Rf</stat>
</suite>
</statistics>
<errors>
</errors>
</robot>
