<?xml version="1.0" encoding="UTF-8"?>
<robot generator="Robot 6.1 (Python 3.11.4 on win32)" generated="20230825 14:01:36.065" rpa="false" schemaversion="4">
<suite id="s1" name="Tests" source="E:\Portfolio\panelscout_robotframework\Tests">
<suite id="s1-s1" name="Test Sign Out Rf" source="E:\Portfolio\panelscout_robotframework\Tests\test_sign_out_rf.robot">
<test id="s1-s1-t1" name="Sign out from the system" line="10">
<kw name="Open login page" library="resource">
<kw name="Open Browser" library="SeleniumLibrary">
<arg>${LOGIN URL}</arg>
<arg>${BROWSER}</arg>
<doc>Opens a new browser instance to the optional ``url``.</doc>
<msg timestamp="20230825 14:01:36.351" level="INFO">Opening browser 'Chrome' to base url 'https://scouts-test.futbolkolektyw.pl/en'.</msg>
<status status="PASS" starttime="20230825 14:01:36.351" endtime="20230825 14:01:38.841"/>
</kw>
<status status="PASS" starttime="20230825 14:01:36.351" endtime="20230825 14:01:38.841"/>
</kw>
<kw name="Type in valid email" library="resource">
<kw name="Input Text" library="SeleniumLibrary">
<arg>${LOGININPUT}</arg>
<arg>user04@getnada.com</arg>
<doc>Types the given ``text`` into the text field identified by ``locator``.</doc>
<msg timestamp="20230825 14:01:38.841" level="INFO">Typing text 'user04@getnada.com' into text field 'xpath=//*[@id='login']'.</msg>
<status status="PASS" starttime="20230825 14:01:38.841" endtime="20230825 14:01:39.205"/>
</kw>
<status status="PASS" starttime="20230825 14:01:38.841" endtime="20230825 14:01:39.205"/>
</kw>
<kw name="Type in valid password" library="resource">
<kw name="Input Text" library="SeleniumLibrary">
<arg>${PASSWORDINPUT}</arg>
<arg>Test-1234</arg>
<doc>Types the given ``text`` into the text field identified by ``locator``.</doc>
<msg timestamp="20230825 14:01:39.205" level="INFO">Typing text 'Test-1234' into text field 'xpath=//*[@id='password']'.</msg>
<status status="PASS" starttime="20230825 14:01:39.205" endtime="20230825 14:01:39.346"/>
</kw>
<status status="PASS" starttime="20230825 14:01:39.205" endtime="20230825 14:01:39.346"/>
</kw>
<kw name="Click on the Sign In button" library="resource">
<kw name="Click Element" library="SeleniumLibrary">
<arg>${SIGNINBUTTON}</arg>
<doc>Click the element identified by ``locator``.</doc>
<msg timestamp="20230825 14:01:39.346" level="INFO">Clicking element 'xpath=//*[@type='submit']'.</msg>
<status status="PASS" starttime="20230825 14:01:39.346" endtime="20230825 14:01:39.402"/>
</kw>
<status status="PASS" starttime="20230825 14:01:39.346" endtime="20230825 14:01:39.402"/>
</kw>
<kw name="Click on the Sign out button">
<kw name="Wait Until Element Is Visible" library="SeleniumLibrary">
<arg>${SIGNOUTBUTTON}</arg>
<doc>Waits until the element ``locator`` is visible.</doc>
<status status="PASS" starttime="20230825 14:01:39.402" endtime="20230825 14:01:40.473"/>
</kw>
<kw name="Click Element" library="SeleniumLibrary">
<arg>${SIGNOUTBUTTON}</arg>
<doc>Click the element identified by ``locator``.</doc>
<msg timestamp="20230825 14:01:40.475" level="INFO">Clicking element 'xpath=//*[text()='Sign out']'.</msg>
<status status="PASS" starttime="20230825 14:01:40.474" endtime="20230825 14:01:40.563"/>
</kw>
<status status="PASS" starttime="20230825 14:01:39.402" endtime="20230825 14:01:40.563"/>
</kw>
<kw name="Assert sign out from the system">
<kw name="Wait Until Element Is Visible" library="SeleniumLibrary">
<arg>${PAGELOGO}</arg>
<doc>Waits until the element ``locator`` is visible.</doc>
<status status="PASS" starttime="20230825 14:01:40.565" endtime="20230825 14:01:40.596"/>
</kw>
<kw name="Title Should Be" library="SeleniumLibrary">
<arg>Scouts panel - sign in</arg>
<doc>Verifies that the current page title equals ``title``.</doc>
<msg timestamp="20230825 14:01:40.602" level="INFO">Page title is 'Scouts panel - sign in'.</msg>
<status status="PASS" starttime="20230825 14:01:40.596" endtime="20230825 14:01:40.602"/>
</kw>
<kw name="Capture Page Screenshot" library="SeleniumLibrary">
<arg>alert.png</arg>
<doc>Takes a screenshot of the current page and embeds it into a log file.</doc>
<msg timestamp="20230825 14:01:40.702" level="INFO" html="true">&lt;/td&gt;&lt;/tr&gt;&lt;tr&gt;&lt;td colspan="3"&gt;&lt;a href="alert.png"&gt;&lt;img src="alert.png" width="800px"&gt;&lt;/a&gt;</msg>
<status status="PASS" starttime="20230825 14:01:40.602" endtime="20230825 14:01:40.702"/>
</kw>
<status status="PASS" starttime="20230825 14:01:40.565" endtime="20230825 14:01:40.702"/>
</kw>
<kw name="Close Browser" library="SeleniumLibrary" type="TEARDOWN">
<doc>Closes the current browser.</doc>
<status status="PASS" starttime="20230825 14:01:40.702" endtime="20230825 14:01:42.980"/>
</kw>
<status status="PASS" starttime="20230825 14:01:36.351" endtime="20230825 14:01:42.980"/>
</test>
<doc>Suite description #automated tests for scout website</doc>
<status status="PASS" starttime="20230825 14:01:36.097" endtime="20230825 14:01:42.988"/>
</suite>
<suite id="s1-s2" name="Test Suite Add Player Form Rf" source="E:\Portfolio\panelscout_robotframework\Tests\test_suite_add_player_form_rf.robot">
<test id="s1-s2-t1" name="Add player" line="19">
<kw name="Open login page" library="resource">
<kw name="Open Browser" library="SeleniumLibrary">
<arg>${LOGIN URL}</arg>
<arg>${BROWSER}</arg>
<doc>Opens a new browser instance to the optional ``url``.</doc>
<msg timestamp="20230825 14:01:43.003" level="INFO">Opening browser 'Chrome' to base url 'https://scouts-test.futbolkolektyw.pl/en'.</msg>
<status status="PASS" starttime="20230825 14:01:43.003" endtime="20230825 14:01:45.822"/>
</kw>
<status status="PASS" starttime="20230825 14:01:43.003" endtime="20230825 14:01:45.822"/>
</kw>
<kw name="Type in valid email" library="resource">
<kw name="Input Text" library="SeleniumLibrary">
<arg>${LOGININPUT}</arg>
<arg>user04@getnada.com</arg>
<doc>Types the given ``text`` into the text field identified by ``locator``.</doc>
<msg timestamp="20230825 14:01:45.822" level="INFO">Typing text 'user04@getnada.com' into text field 'xpath=//*[@id='login']'.</msg>
<status status="PASS" starttime="20230825 14:01:45.822" endtime="20230825 14:01:46.256"/>
</kw>
<status status="PASS" starttime="20230825 14:01:45.822" endtime="20230825 14:01:46.256"/>
</kw>
<kw name="Type in valid password" library="resource">
<kw name="Input Text" library="SeleniumLibrary">
<arg>${PASSWORDINPUT}</arg>
<arg>Test-1234</arg>
<doc>Types the given ``text`` into the text field identified by ``locator``.</doc>
<msg timestamp="20230825 14:01:46.256" level="INFO">Typing text 'Test-1234' into text field 'xpath=//*[@id='password']'.</msg>
<status status="PASS" starttime="20230825 14:01:46.256" endtime="20230825 14:01:46.416"/>
</kw>
<status status="PASS" starttime="20230825 14:01:46.256" endtime="20230825 14:01:46.419"/>
</kw>
<kw name="Click on the Sign In button" library="resource">
<kw name="Click Element" library="SeleniumLibrary">
<arg>${SIGNINBUTTON}</arg>
<doc>Click the element identified by ``locator``.</doc>
<msg timestamp="20230825 14:01:46.420" level="INFO">Clicking element 'xpath=//*[@type='submit']'.</msg>
<status status="PASS" starttime="20230825 14:01:46.420" endtime="20230825 14:01:46.488"/>
</kw>
<status status="PASS" starttime="20230825 14:01:46.419" endtime="20230825 14:01:46.488"/>
</kw>
<kw name="Click on the Add Player link">
<kw name="Wait Until Element Is Visible" library="SeleniumLibrary">
<arg>${ADDPLAYERLINK}</arg>
<doc>Waits until the element ``locator`` is visible.</doc>
<status status="PASS" starttime="20230825 14:01:46.489" endtime="20230825 14:01:47.585"/>
</kw>
<kw name="Click Element" library="SeleniumLibrary">
<arg>${ADDPLAYERLINK}</arg>
<doc>Click the element identified by ``locator``.</doc>
<msg timestamp="20230825 14:01:47.585" level="INFO">Clicking element 'xpath=//*[@href='/en/players/add']'.</msg>
<status status="PASS" starttime="20230825 14:01:47.585" endtime="20230825 14:01:47.666"/>
</kw>
<status status="PASS" starttime="20230825 14:01:46.489" endtime="20230825 14:01:47.666"/>
</kw>
<kw name="Type in name">
<kw name="Wait Until Element Is Visible" library="SeleniumLibrary">
<arg>${NAMEINPUT}</arg>
<doc>Waits until the element ``locator`` is visible.</doc>
<status status="PASS" starttime="20230825 14:01:47.671" endtime="20230825 14:01:47.813"/>
</kw>
<kw name="Input Text" library="SeleniumLibrary">
<arg>${NAMEINPUT}</arg>
<arg>Robot</arg>
<doc>Types the given ``text`` into the text field identified by ``locator``.</doc>
<msg timestamp="20230825 14:01:47.815" level="INFO">Typing text 'Robot' into text field 'xpath=//*[@name='name']'.</msg>
<status status="PASS" starttime="20230825 14:01:47.813" endtime="20230825 14:01:47.952"/>
</kw>
<status status="PASS" starttime="20230825 14:01:47.668" endtime="20230825 14:01:47.952"/>
</kw>
<kw name="Type in surname">
<kw name="Wait Until Element Is Visible" library="SeleniumLibrary">
<arg>${SURNAMEINPUT}</arg>
<doc>Waits until the element ``locator`` is visible.</doc>
<status status="PASS" starttime="20230825 14:01:47.954" endtime="20230825 14:01:47.970"/>
</kw>
<kw name="Input Text" library="SeleniumLibrary">
<arg>${SURNAMEINPUT}</arg>
<arg>Test</arg>
<doc>Types the given ``text`` into the text field identified by ``locator``.</doc>
<msg timestamp="20230825 14:01:47.970" level="INFO">Typing text 'Test' into text field 'xpath=//*[@name='surname']'.</msg>
<status status="PASS" starttime="20230825 14:01:47.970" endtime="20230825 14:01:48.123"/>
</kw>
<status status="PASS" starttime="20230825 14:01:47.954" endtime="20230825 14:01:48.123"/>
</kw>
<kw name="Type in age">
<kw name="Input Text" library="SeleniumLibrary">
<arg>${AGEINPUT}</arg>
<arg>01/01/2000</arg>
<doc>Types the given ``text`` into the text field identified by ``locator``.</doc>
<msg timestamp="20230825 14:01:48.127" level="INFO">Typing text '01/01/2000' into text field 'xpath=//*[@name='age']'.</msg>
<status status="PASS" starttime="20230825 14:01:48.126" endtime="20230825 14:01:48.289"/>
</kw>
<status status="PASS" starttime="20230825 14:01:48.125" endtime="20230825 14:01:48.289"/>
</kw>
<kw name="Type in main position">
<kw name="Input Text" library="SeleniumLibrary">
<arg>${MAINPOSITIONINPUT}</arg>
<arg>goalkeeper</arg>
<doc>Types the given ``text`` into the text field identified by ``locator``.</doc>
<msg timestamp="20230825 14:01:48.289" level="INFO">Typing text 'goalkeeper' into text field 'xpath=//*[@name='mainPosition']'.</msg>
<status status="PASS" starttime="20230825 14:01:48.289" endtime="20230825 14:01:48.464"/>
</kw>
<status status="PASS" starttime="20230825 14:01:48.289" endtime="20230825 14:01:48.464"/>
</kw>
<kw name="Click On The Submit Button">
<kw name="Click Element" library="SeleniumLibrary">
<arg>${SUBMITBUTTON}</arg>
<doc>Click the element identified by ``locator``.</doc>
<msg timestamp="20230825 14:01:48.464" level="INFO">Clicking element 'xpath=//*[@type='submit']'.</msg>
<status status="PASS" starttime="20230825 14:01:48.464" endtime="20230825 14:01:48.555"/>
</kw>
<status status="PASS" starttime="20230825 14:01:48.464" endtime="20230825 14:01:48.555"/>
</kw>
<kw name="Click On The Main Page Button">
<kw name="Wait Until Element Is Visible" library="SeleniumLibrary">
<arg>${MATCHESBUTTON}</arg>
<doc>Waits until the element ``locator`` is visible.</doc>
<status status="PASS" starttime="20230825 14:01:48.555" endtime="20230825 14:01:48.852"/>
</kw>
<kw name="Click Element" library="SeleniumLibrary">
<arg>${MAINPAGEBUTTON}</arg>
<doc>Click the element identified by ``locator``.</doc>
<msg timestamp="20230825 14:01:48.852" level="INFO">Clicking element 'xpath=//*[text()='Main page']'.</msg>
<status status="PASS" starttime="20230825 14:01:48.852" endtime="20230825 14:01:48.917"/>
</kw>
<status status="PASS" starttime="20230825 14:01:48.555" endtime="20230825 14:01:48.917"/>
</kw>
<kw name="Assert last created player">
<kw name="Wait Until Element Is Visible" library="SeleniumLibrary">
<arg>${LASTCREATEDPLAYERNAME}</arg>
<doc>Waits until the element ``locator`` is visible.</doc>
<status status="PASS" starttime="20230825 14:01:48.917" endtime="20230825 14:01:49.177"/>
</kw>
<kw name="Get Text" library="SeleniumLibrary">
<var>${ACTUALLANGUAGEVALUE}</var>
<arg>${LASTCREATEDPLAYERLINK}</arg>
<doc>Returns the text value of the element identified by ``locator``.</doc>
<msg timestamp="20230825 14:01:49.221" level="INFO">${ACTUALLANGUAGEVALUE} = ROBOT TEST</msg>
<status status="PASS" starttime="20230825 14:01:49.177" endtime="20230825 14:01:49.221"/>
</kw>
<kw name="Should Match" library="BuiltIn">
<arg>${ACTUALLANGUAGEVALUE}</arg>
<arg>ROBOT TEST</arg>
<doc>Fails if the given ``string`` does not match the given ``pattern``.</doc>
<status status="PASS" starttime="20230825 14:01:49.221" endtime="20230825 14:01:49.221"/>
</kw>
<kw name="Capture Page Screenshot" library="SeleniumLibrary">
<arg>alert.png</arg>
<doc>Takes a screenshot of the current page and embeds it into a log file.</doc>
<msg timestamp="20230825 14:01:49.405" level="INFO" html="true">&lt;/td&gt;&lt;/tr&gt;&lt;tr&gt;&lt;td colspan="3"&gt;&lt;a href="alert.png"&gt;&lt;img src="alert.png" width="800px"&gt;&lt;/a&gt;</msg>
<status status="PASS" starttime="20230825 14:01:49.221" endtime="20230825 14:01:49.405"/>
</kw>
<status status="PASS" starttime="20230825 14:01:48.917" endtime="20230825 14:01:49.405"/>
</kw>
<kw name="Close Browser" library="SeleniumLibrary" type="TEARDOWN">
<doc>Closes the current browser.</doc>
<status status="PASS" starttime="20230825 14:01:49.405" endtime="20230825 14:01:51.693"/>
</kw>
<status status="PASS" starttime="20230825 14:01:43.003" endtime="20230825 14:01:51.693"/>
</test>
<test id="s1-s2-t2" name="Clear add player form" line="34">
<kw name="Open login page" library="resource">
<kw name="Open Browser" library="SeleniumLibrary">
<arg>${LOGIN URL}</arg>
<arg>${BROWSER}</arg>
<doc>Opens a new browser instance to the optional ``url``.</doc>
<msg timestamp="20230825 14:01:51.693" level="INFO">Opening browser 'Chrome' to base url 'https://scouts-test.futbolkolektyw.pl/en'.</msg>
<status status="PASS" starttime="20230825 14:01:51.693" endtime="20230825 14:01:53.886"/>
</kw>
<status status="PASS" starttime="20230825 14:01:51.693" endtime="20230825 14:01:53.886"/>
</kw>
<kw name="Type in valid email" library="resource">
<kw name="Input Text" library="SeleniumLibrary">
<arg>${LOGININPUT}</arg>
<arg>user04@getnada.com</arg>
<doc>Types the given ``text`` into the text field identified by ``locator``.</doc>
<msg timestamp="20230825 14:01:53.886" level="INFO">Typing text 'user04@getnada.com' into text field 'xpath=//*[@id='login']'.</msg>
<status status="PASS" starttime="20230825 14:01:53.886" endtime="20230825 14:01:54.184"/>
</kw>
<status status="PASS" starttime="20230825 14:01:53.886" endtime="20230825 14:01:54.185"/>
</kw>
<kw name="Type in valid password" library="resource">
<kw name="Input Text" library="SeleniumLibrary">
<arg>${PASSWORDINPUT}</arg>
<arg>Test-1234</arg>
<doc>Types the given ``text`` into the text field identified by ``locator``.</doc>
<msg timestamp="20230825 14:01:54.189" level="INFO">Typing text 'Test-1234' into text field 'xpath=//*[@id='password']'.</msg>
<status status="PASS" starttime="20230825 14:01:54.187" endtime="20230825 14:01:54.344"/>
</kw>
<status status="PASS" starttime="20230825 14:01:54.185" endtime="20230825 14:01:54.344"/>
</kw>
<kw name="Click on the Sign In button" library="resource">
<kw name="Click Element" library="SeleniumLibrary">
<arg>${SIGNINBUTTON}</arg>
<doc>Click the element identified by ``locator``.</doc>
<msg timestamp="20230825 14:01:54.344" level="INFO">Clicking element 'xpath=//*[@type='submit']'.</msg>
<status status="PASS" starttime="20230825 14:01:54.344" endtime="20230825 14:01:54.410"/>
</kw>
<status status="PASS" starttime="20230825 14:01:54.344" endtime="20230825 14:01:54.410"/>
</kw>
<kw name="Click on the Add Player link">
<kw name="Wait Until Element Is Visible" library="SeleniumLibrary">
<arg>${ADDPLAYERLINK}</arg>
<doc>Waits until the element ``locator`` is visible.</doc>
<status status="PASS" starttime="20230825 14:01:54.410" endtime="20230825 14:01:55.357"/>
</kw>
<kw name="Click Element" library="SeleniumLibrary">
<arg>${ADDPLAYERLINK}</arg>
<doc>Click the element identified by ``locator``.</doc>
<msg timestamp="20230825 14:01:55.358" level="INFO">Clicking element 'xpath=//*[@href='/en/players/add']'.</msg>
<status status="PASS" starttime="20230825 14:01:55.357" endtime="20230825 14:01:55.429"/>
</kw>
<status status="PASS" starttime="20230825 14:01:54.410" endtime="20230825 14:01:55.429"/>
</kw>
<kw name="Type in name">
<kw name="Wait Until Element Is Visible" library="SeleniumLibrary">
<arg>${NAMEINPUT}</arg>
<doc>Waits until the element ``locator`` is visible.</doc>
<status status="PASS" starttime="20230825 14:01:55.433" endtime="20230825 14:01:55.577"/>
</kw>
<kw name="Input Text" library="SeleniumLibrary">
<arg>${NAMEINPUT}</arg>
<arg>Robot</arg>
<doc>Types the given ``text`` into the text field identified by ``locator``.</doc>
<msg timestamp="20230825 14:01:55.577" level="INFO">Typing text 'Robot' into text field 'xpath=//*[@name='name']'.</msg>
<status status="PASS" starttime="20230825 14:01:55.577" endtime="20230825 14:01:55.709"/>
</kw>
<status status="PASS" starttime="20230825 14:01:55.432" endtime="20230825 14:01:55.709"/>
</kw>
<kw name="Type in surname">
<kw name="Wait Until Element Is Visible" library="SeleniumLibrary">
<arg>${SURNAMEINPUT}</arg>
<doc>Waits until the element ``locator`` is visible.</doc>
<status status="PASS" starttime="20230825 14:01:55.709" endtime="20230825 14:01:55.726"/>
</kw>
<kw name="Input Text" library="SeleniumLibrary">
<arg>${SURNAMEINPUT}</arg>
<arg>Test</arg>
<doc>Types the given ``text`` into the text field identified by ``locator``.</doc>
<msg timestamp="20230825 14:01:55.737" level="INFO">Typing text 'Test' into text field 'xpath=//*[@name='surname']'.</msg>
<status status="PASS" starttime="20230825 14:01:55.726" endtime="20230825 14:01:55.866"/>
</kw>
<status status="PASS" starttime="20230825 14:01:55.709" endtime="20230825 14:01:55.866"/>
</kw>
<kw name="Type in age">
<kw name="Input Text" library="SeleniumLibrary">
<arg>${AGEINPUT}</arg>
<arg>01/01/2000</arg>
<doc>Types the given ``text`` into the text field identified by ``locator``.</doc>
<msg timestamp="20230825 14:01:55.868" level="INFO">Typing text '01/01/2000' into text field 'xpath=//*[@name='age']'.</msg>
<status status="PASS" starttime="20230825 14:01:55.867" endtime="20230825 14:01:56.005"/>
</kw>
<status status="PASS" starttime="20230825 14:01:55.866" endtime="20230825 14:01:56.005"/>
</kw>
<kw name="Type in main position">
<kw name="Input Text" library="SeleniumLibrary">
<arg>${MAINPOSITIONINPUT}</arg>
<arg>goalkeeper</arg>
<doc>Types the given ``text`` into the text field identified by ``locator``.</doc>
<msg timestamp="20230825 14:01:56.007" level="INFO">Typing text 'goalkeeper' into text field 'xpath=//*[@name='mainPosition']'.</msg>
<status status="PASS" starttime="20230825 14:01:56.006" endtime="20230825 14:01:56.166"/>
</kw>
<status status="PASS" starttime="20230825 14:01:56.006" endtime="20230825 14:01:56.166"/>
</kw>
<kw name="Click on the Clear button">
<kw name="Click Element" library="SeleniumLibrary">
<arg>${CLEARBUTTON}</arg>
<doc>Click the element identified by ``locator``.</doc>
<msg timestamp="20230825 14:01:56.173" level="INFO">Clicking element 'xpath=//*[span[text()='Clear']]'.</msg>
<status status="PASS" starttime="20230825 14:01:56.173" endtime="20230825 14:01:56.277"/>
</kw>
<status status="PASS" starttime="20230825 14:01:56.172" endtime="20230825 14:01:56.277"/>
</kw>
<kw name="Assert clear add player form">
<kw name="Wait Until Element Is Visible" library="SeleniumLibrary">
<arg>${CLEARBUTTON}</arg>
<doc>Waits until the element ``locator`` is visible.</doc>
<status status="PASS" starttime="20230825 14:01:56.277" endtime="20230825 14:01:56.309"/>
</kw>
<kw name="Get Text" library="SeleniumLibrary">
<var>${ACTUALNAMEINPUT}</var>
<arg>${NAMEINPUT}</arg>
<doc>Returns the text value of the element identified by ``locator``.</doc>
<msg timestamp="20230825 14:01:56.340" level="INFO">${ACTUALNAMEINPUT} = </msg>
<status status="PASS" starttime="20230825 14:01:56.309" endtime="20230825 14:01:56.340"/>
</kw>
<kw name="Should Match" library="BuiltIn">
<arg>${ACTUALNAMEINPUT}</arg>
<arg>${EMPTY}</arg>
<doc>Fails if the given ``string`` does not match the given ``pattern``.</doc>
<status status="PASS" starttime="20230825 14:01:56.340" endtime="20230825 14:01:56.340"/>
</kw>
<kw name="Get Text" library="SeleniumLibrary">
<var>${ACTUALSURNAMEINPUT}</var>
<arg>${SURNAMEINPUT}</arg>
<doc>Returns the text value of the element identified by ``locator``.</doc>
<msg timestamp="20230825 14:01:56.371" level="INFO">${ACTUALSURNAMEINPUT} = </msg>
<status status="PASS" starttime="20230825 14:01:56.340" endtime="20230825 14:01:56.371"/>
</kw>
<kw name="Should Match" library="BuiltIn">
<arg>${ACTUALSURNAMEINPUT}</arg>
<arg>${EMPTY}</arg>
<doc>Fails if the given ``string`` does not match the given ``pattern``.</doc>
<status status="PASS" starttime="20230825 14:01:56.371" endtime="20230825 14:01:56.371"/>
</kw>
<kw name="Get Text" library="SeleniumLibrary">
<var>${ACTUALAGEINPUT}</var>
<arg>${AGEINPUT}</arg>
<doc>Returns the text value of the element identified by ``locator``.</doc>
<msg timestamp="20230825 14:01:56.387" level="INFO">${ACTUALAGEINPUT} = </msg>
<status status="PASS" starttime="20230825 14:01:56.371" endtime="20230825 14:01:56.387"/>
</kw>
<kw name="Should Match" library="BuiltIn">
<arg>${ACTUALAGEINPUT}</arg>
<arg>${EMPTY}</arg>
<doc>Fails if the given ``string`` does not match the given ``pattern``.</doc>
<status status="PASS" starttime="20230825 14:01:56.387" endtime="20230825 14:01:56.387"/>
</kw>
<kw name="Get Text" library="SeleniumLibrary">
<var>${ACTUALMAINPOSITIONINPUT}</var>
<arg>${MAINPOSITIONINPUT}</arg>
<doc>Returns the text value of the element identified by ``locator``.</doc>
<msg timestamp="20230825 14:01:56.421" level="INFO">${ACTUALMAINPOSITIONINPUT} = </msg>
<status status="PASS" starttime="20230825 14:01:56.402" endtime="20230825 14:01:56.421"/>
</kw>
<kw name="Should Match" library="BuiltIn">
<arg>${ACTUALMAINPOSITIONINPUT}</arg>
<arg>${EMPTY}</arg>
<doc>Fails if the given ``string`` does not match the given ``pattern``.</doc>
<status status="PASS" starttime="20230825 14:01:56.421" endtime="20230825 14:01:56.421"/>
</kw>
<kw name="Capture Page Screenshot" library="SeleniumLibrary">
<arg>alert.png</arg>
<doc>Takes a screenshot of the current page and embeds it into a log file.</doc>
<msg timestamp="20230825 14:01:56.578" level="INFO" html="true">&lt;/td&gt;&lt;/tr&gt;&lt;tr&gt;&lt;td colspan="3"&gt;&lt;a href="alert.png"&gt;&lt;img src="alert.png" width="800px"&gt;&lt;/a&gt;</msg>
<status status="PASS" starttime="20230825 14:01:56.421" endtime="20230825 14:01:56.578"/>
</kw>
<status status="PASS" starttime="20230825 14:01:56.277" endtime="20230825 14:01:56.578"/>
</kw>
<kw name="Close Browser" library="SeleniumLibrary" type="TEARDOWN">
<doc>Closes the current browser.</doc>
<status status="PASS" starttime="20230825 14:01:56.578" endtime="20230825 14:01:58.890"/>
</kw>
<status status="PASS" starttime="20230825 14:01:51.693" endtime="20230825 14:01:58.890"/>
</test>
<doc>Suite description #automated tests for scout website</doc>
<status status="PASS" starttime="20230825 14:01:42.996" endtime="20230825 14:01:58.890"/>
</suite>
<suite id="s1-s3" name="Test Suite Edit Player Form Rf" source="E:\Portfolio\panelscout_robotframework\Tests\test_suite_edit_player_form_rf.robot">
<test id="s1-s3-t1" name="Add language to existing player form" line="16">
<kw name="Open login page" library="resource">
<kw name="Open Browser" library="SeleniumLibrary">
<arg>${LOGIN URL}</arg>
<arg>${BROWSER}</arg>
<doc>Opens a new browser instance to the optional ``url``.</doc>
<msg timestamp="20230825 14:01:58.922" level="INFO">Opening browser 'Chrome' to base url 'https://scouts-test.futbolkolektyw.pl/en'.</msg>
<status status="PASS" starttime="20230825 14:01:58.922" endtime="20230825 14:02:00.830"/>
</kw>
<status status="PASS" starttime="20230825 14:01:58.922" endtime="20230825 14:02:00.830"/>
</kw>
<kw name="Type in valid email" library="resource">
<kw name="Input Text" library="SeleniumLibrary">
<arg>${LOGININPUT}</arg>
<arg>user04@getnada.com</arg>
<doc>Types the given ``text`` into the text field identified by ``locator``.</doc>
<msg timestamp="20230825 14:02:00.830" level="INFO">Typing text 'user04@getnada.com' into text field 'xpath=//*[@id='login']'.</msg>
<status status="PASS" starttime="20230825 14:02:00.830" endtime="20230825 14:02:01.093"/>
</kw>
<status status="PASS" starttime="20230825 14:02:00.830" endtime="20230825 14:02:01.093"/>
</kw>
<kw name="Type in valid password" library="resource">
<kw name="Input Text" library="SeleniumLibrary">
<arg>${PASSWORDINPUT}</arg>
<arg>Test-1234</arg>
<doc>Types the given ``text`` into the text field identified by ``locator``.</doc>
<msg timestamp="20230825 14:02:01.093" level="INFO">Typing text 'Test-1234' into text field 'xpath=//*[@id='password']'.</msg>
<status status="PASS" starttime="20230825 14:02:01.093" endtime="20230825 14:02:01.241"/>
</kw>
<status status="PASS" starttime="20230825 14:02:01.093" endtime="20230825 14:02:01.241"/>
</kw>
<kw name="Click on the Sign In button" library="resource">
<kw name="Click Element" library="SeleniumLibrary">
<arg>${SIGNINBUTTON}</arg>
<doc>Click the element identified by ``locator``.</doc>
<msg timestamp="20230825 14:02:01.241" level="INFO">Clicking element 'xpath=//*[@type='submit']'.</msg>
<status status="PASS" starttime="20230825 14:02:01.241" endtime="20230825 14:02:01.306"/>
</kw>
<status status="PASS" starttime="20230825 14:02:01.241" endtime="20230825 14:02:01.306"/>
</kw>
<kw name="Click on the Players button">
<kw name="Wait Until Element Is Visible" library="SeleniumLibrary">
<arg>${PLAYERSBUTTON}</arg>
<doc>Waits until the element ``locator`` is visible.</doc>
<status status="PASS" starttime="20230825 14:02:01.307" endtime="20230825 14:02:02.220"/>
</kw>
<kw name="Click Element" library="SeleniumLibrary">
<arg>${PLAYERSBUTTON}</arg>
<doc>Click the element identified by ``locator``.</doc>
<msg timestamp="20230825 14:02:02.220" level="INFO">Clicking element 'xpath=//*[text()='Players']'.</msg>
<status status="PASS" starttime="20230825 14:02:02.220" endtime="20230825 14:02:02.291"/>
</kw>
<status status="PASS" starttime="20230825 14:02:01.307" endtime="20230825 14:02:02.291"/>
</kw>
<kw name="Click on player name on the list">
<kw name="Wait Until Element Is Visible" library="SeleniumLibrary">
<arg>${PLAYERNAMEONLIST}</arg>
<doc>Waits until the element ``locator`` is visible.</doc>
<status status="PASS" starttime="20230825 14:02:02.291" endtime="20230825 14:02:03.153"/>
</kw>
<kw name="Click Element" library="SeleniumLibrary">
<arg>${PLAYERNAMEONLIST}</arg>
<doc>Click the element identified by ``locator``.</doc>
<msg timestamp="20230825 14:02:03.153" level="INFO">Clicking element 'xpath=//*[@data-testid='MUIDataTableBodyRow-3']/td[1]'.</msg>
<status status="PASS" starttime="20230825 14:02:03.153" endtime="20230825 14:02:03.811"/>
</kw>
<status status="PASS" starttime="20230825 14:02:02.291" endtime="20230825 14:02:03.811"/>
</kw>
<kw name="Click on Add language button">
<kw name="Wait Until Element Is Visible" library="SeleniumLibrary">
<arg>${ADDLANGUAGEBUTTON}</arg>
<doc>Waits until the element ``locator`` is visible.</doc>
<status status="PASS" starttime="20230825 14:02:03.811" endtime="20230825 14:02:03.839"/>
</kw>
<kw name="Click Element" library="SeleniumLibrary">
<arg>${ADDLANGUAGEBUTTON}</arg>
<doc>Click the element identified by ``locator``.</doc>
<msg timestamp="20230825 14:02:03.839" level="INFO">Clicking element 'xpath=//*[@aria-label='Add language']'.</msg>
<status status="PASS" starttime="20230825 14:02:03.839" endtime="20230825 14:02:03.906"/>
</kw>
<status status="PASS" starttime="20230825 14:02:03.811" endtime="20230825 14:02:03.906"/>
</kw>
<kw name="Type in language">
<kw name="Wait Until Element Is Visible" library="SeleniumLibrary">
<arg>${LANGUAGEINPUT}</arg>
<doc>Waits until the element ``locator`` is visible.</doc>
<status status="PASS" starttime="20230825 14:02:03.906" endtime="20230825 14:02:03.954"/>
</kw>
<kw name="Input Text" library="SeleniumLibrary">
<arg>${LANGUAGEINPUT}</arg>
<arg>polish</arg>
<doc>Types the given ``text`` into the text field identified by ``locator``.</doc>
<msg timestamp="20230825 14:02:03.956" level="INFO">Typing text 'polish' into text field 'xpath=//*[@name='languages[0]']'.</msg>
<status status="PASS" starttime="20230825 14:02:03.955" endtime="20230825 14:02:04.117"/>
</kw>
<status status="PASS" starttime="20230825 14:02:03.906" endtime="20230825 14:02:04.117"/>
</kw>
<kw name="Click on the Submit button">
<kw name="Click Element" library="SeleniumLibrary">
<arg>${SUBMITBUTTON}</arg>
<doc>Click the element identified by ``locator``.</doc>
<msg timestamp="20230825 14:02:04.118" level="INFO">Clicking element 'xpath=//*[text()='Submit']'.</msg>
<status status="PASS" starttime="20230825 14:02:04.118" endtime="20230825 14:02:04.227"/>
</kw>
<status status="PASS" starttime="20230825 14:02:04.117" endtime="20230825 14:02:04.227"/>
</kw>
<kw name="Assert add language">
<kw name="Wait Until Element Is Visible" library="SeleniumLibrary">
<arg>${SAVEDPLAYERINFO}</arg>
<doc>Waits until the element ``locator`` is visible.</doc>
<status status="PASS" starttime="20230825 14:02:04.228" endtime="20230825 14:02:07.388"/>
</kw>
<kw name="Reload Page" library="SeleniumLibrary">
<doc>Simulates user reloading page.</doc>
<status status="PASS" starttime="20230825 14:02:07.388" endtime="20230825 14:02:08.277"/>
</kw>
<kw name="Get Value" library="SeleniumLibrary">
<var>${ACTUALADDEDLANGUAGE}</var>
<arg>${LANGUAGEINPUT}</arg>
<doc>Returns the value attribute of the element identified by ``locator``.</doc>
<msg timestamp="20230825 14:02:08.288" level="INFO">${ACTUALADDEDLANGUAGE} = polish</msg>
<status status="PASS" starttime="20230825 14:02:08.277" endtime="20230825 14:02:08.288"/>
</kw>
<kw name="Should Be Equal" library="BuiltIn">
<arg>${ACTUALADDEDLANGUAGE}</arg>
<arg>polish</arg>
<doc>Fails if the given objects are unequal.</doc>
<status status="PASS" starttime="20230825 14:02:08.288" endtime="20230825 14:02:08.288"/>
</kw>
<kw name="Capture Page Screenshot" library="SeleniumLibrary">
<arg>alert.png</arg>
<doc>Takes a screenshot of the current page and embeds it into a log file.</doc>
<msg timestamp="20230825 14:02:08.387" level="INFO" html="true">&lt;/td&gt;&lt;/tr&gt;&lt;tr&gt;&lt;td colspan="3"&gt;&lt;a href="alert.png"&gt;&lt;img src="alert.png" width="800px"&gt;&lt;/a&gt;</msg>
<status status="PASS" starttime="20230825 14:02:08.288" endtime="20230825 14:02:08.387"/>
</kw>
<status status="PASS" starttime="20230825 14:02:04.228" endtime="20230825 14:02:08.387"/>
</kw>
<kw name="Close Browser" library="SeleniumLibrary" type="TEARDOWN">
<doc>Closes the current browser.</doc>
<status status="PASS" starttime="20230825 14:02:08.387" endtime="20230825 14:02:10.684"/>
</kw>
<status status="PASS" starttime="20230825 14:01:58.922" endtime="20230825 14:02:10.684"/>
</test>
<test id="s1-s3-t2" name="Remove language from existing player form" line="29">
<kw name="Open login page" library="resource">
<kw name="Open Browser" library="SeleniumLibrary">
<arg>${LOGIN URL}</arg>
<arg>${BROWSER}</arg>
<doc>Opens a new browser instance to the optional ``url``.</doc>
<msg timestamp="20230825 14:02:10.684" level="INFO">Opening browser 'Chrome' to base url 'https://scouts-test.futbolkolektyw.pl/en'.</msg>
<status status="PASS" starttime="20230825 14:02:10.684" endtime="20230825 14:02:12.668"/>
</kw>
<status status="PASS" starttime="20230825 14:02:10.684" endtime="20230825 14:02:12.668"/>
</kw>
<kw name="Type in valid email" library="resource">
<kw name="Input Text" library="SeleniumLibrary">
<arg>${LOGININPUT}</arg>
<arg>user04@getnada.com</arg>
<doc>Types the given ``text`` into the text field identified by ``locator``.</doc>
<msg timestamp="20230825 14:02:12.684" level="INFO">Typing text 'user04@getnada.com' into text field 'xpath=//*[@id='login']'.</msg>
<status status="PASS" starttime="20230825 14:02:12.684" endtime="20230825 14:02:12.947"/>
</kw>
<status status="PASS" starttime="20230825 14:02:12.684" endtime="20230825 14:02:12.947"/>
</kw>
<kw name="Type in valid password" library="resource">
<kw name="Input Text" library="SeleniumLibrary">
<arg>${PASSWORDINPUT}</arg>
<arg>Test-1234</arg>
<doc>Types the given ``text`` into the text field identified by ``locator``.</doc>
<msg timestamp="20230825 14:02:12.947" level="INFO">Typing text 'Test-1234' into text field 'xpath=//*[@id='password']'.</msg>
<status status="PASS" starttime="20230825 14:02:12.947" endtime="20230825 14:02:13.092"/>
</kw>
<status status="PASS" starttime="20230825 14:02:12.947" endtime="20230825 14:02:13.092"/>
</kw>
<kw name="Click on the Sign In button" library="resource">
<kw name="Click Element" library="SeleniumLibrary">
<arg>${SIGNINBUTTON}</arg>
<doc>Click the element identified by ``locator``.</doc>
<msg timestamp="20230825 14:02:13.092" level="INFO">Clicking element 'xpath=//*[@type='submit']'.</msg>
<status status="PASS" starttime="20230825 14:02:13.092" endtime="20230825 14:02:13.156"/>
</kw>
<status status="PASS" starttime="20230825 14:02:13.092" endtime="20230825 14:02:13.156"/>
</kw>
<kw name="Click on the Players button">
<kw name="Wait Until Element Is Visible" library="SeleniumLibrary">
<arg>${PLAYERSBUTTON}</arg>
<doc>Waits until the element ``locator`` is visible.</doc>
<status status="PASS" starttime="20230825 14:02:13.157" endtime="20230825 14:02:14.239"/>
</kw>
<kw name="Click Element" library="SeleniumLibrary">
<arg>${PLAYERSBUTTON}</arg>
<doc>Click the element identified by ``locator``.</doc>
<msg timestamp="20230825 14:02:14.240" level="INFO">Clicking element 'xpath=//*[text()='Players']'.</msg>
<status status="PASS" starttime="20230825 14:02:14.240" endtime="20230825 14:02:14.308"/>
</kw>
<status status="PASS" starttime="20230825 14:02:13.157" endtime="20230825 14:02:14.308"/>
</kw>
<kw name="Click on player name on the list">
<kw name="Wait Until Element Is Visible" library="SeleniumLibrary">
<arg>${PLAYERNAMEONLIST}</arg>
<doc>Waits until the element ``locator`` is visible.</doc>
<status status="PASS" starttime="20230825 14:02:14.317" endtime="20230825 14:02:15.267"/>
</kw>
<kw name="Click Element" library="SeleniumLibrary">
<arg>${PLAYERNAMEONLIST}</arg>
<doc>Click the element identified by ``locator``.</doc>
<msg timestamp="20230825 14:02:15.269" level="INFO">Clicking element 'xpath=//*[@data-testid='MUIDataTableBodyRow-3']/td[1]'.</msg>
<status status="PASS" starttime="20230825 14:02:15.268" endtime="20230825 14:02:15.862"/>
</kw>
<status status="PASS" starttime="20230825 14:02:14.317" endtime="20230825 14:02:15.862"/>
</kw>
<kw name="Click on the Remove language button">
<kw name="Wait Until Element Is Visible" library="SeleniumLibrary">
<arg>${REMOVELANGUAGEBUTTON}</arg>
<doc>Waits until the element ``locator`` is visible.</doc>
<status status="PASS" starttime="20230825 14:02:15.865" endtime="20230825 14:02:15.898"/>
</kw>
<kw name="Click Element" library="SeleniumLibrary">
<arg>${REMOVELANGUAGEBUTTON}</arg>
<doc>Click the element identified by ``locator``.</doc>
<msg timestamp="20230825 14:02:15.899" level="INFO">Clicking element 'xpath=//*[@title='Remove language']'.</msg>
<status status="PASS" starttime="20230825 14:02:15.898" endtime="20230825 14:02:15.967"/>
</kw>
<status status="PASS" starttime="20230825 14:02:15.865" endtime="20230825 14:02:15.967"/>
</kw>
<kw name="Click on the Submit button">
<kw name="Click Element" library="SeleniumLibrary">
<arg>${SUBMITBUTTON}</arg>
<doc>Click the element identified by ``locator``.</doc>
<msg timestamp="20230825 14:02:15.967" level="INFO">Clicking element 'xpath=//*[text()='Submit']'.</msg>
<status status="PASS" starttime="20230825 14:02:15.967" endtime="20230825 14:02:16.075"/>
</kw>
<status status="PASS" starttime="20230825 14:02:15.967" endtime="20230825 14:02:16.075"/>
</kw>
<kw name="Assert remove language">
<kw name="Wait Until Element Is Visible" library="SeleniumLibrary">
<arg>${SAVEDPLAYERINFO}</arg>
<doc>Waits until the element ``locator`` is visible.</doc>
<status status="PASS" starttime="20230825 14:02:16.075" endtime="20230825 14:02:18.672"/>
</kw>
<kw name="Page Should Not Contain Textfield" library="SeleniumLibrary">
<arg>${LANGUAGEINPUT}</arg>
<doc>Verifies text field ``locator`` is not found from current page.</doc>
<msg timestamp="20230825 14:02:18.691" level="INFO">Current page does not contain text field 'xpath=//*[@name='languages[0]']'.</msg>
<status status="PASS" starttime="20230825 14:02:18.672" endtime="20230825 14:02:18.691"/>
</kw>
<status status="PASS" starttime="20230825 14:02:16.075" endtime="20230825 14:02:18.691"/>
</kw>
<kw name="Close Browser" library="SeleniumLibrary" type="TEARDOWN">
<doc>Closes the current browser.</doc>
<status status="PASS" starttime="20230825 14:02:18.691" endtime="20230825 14:02:22.874"/>
</kw>
<status status="PASS" starttime="20230825 14:02:10.684" endtime="20230825 14:02:22.874"/>
</test>
<doc>Suite description #automated tests for scout website</doc>
<status status="PASS" starttime="20230825 14:01:58.890" endtime="20230825 14:02:22.874"/>
</suite>
<suite id="s1-s4" name="Test Suite Login Rf" source="E:\Portfolio\panelscout_robotframework\Tests\test_suite_login_rf.robot">
<test id="s1-s4-t1" name="Login to the system" line="15">
<kw name="Open login page" library="resource">
<kw name="Open Browser" library="SeleniumLibrary">
<arg>${LOGIN URL}</arg>
<arg>${BROWSER}</arg>
<doc>Opens a new browser instance to the optional ``url``.</doc>
<msg timestamp="20230825 14:02:22.905" level="INFO">Opening browser 'Chrome' to base url 'https://scouts-test.futbolkolektyw.pl/en'.</msg>
<status status="PASS" starttime="20230825 14:02:22.905" endtime="20230825 14:02:25.267"/>
</kw>
<status status="PASS" starttime="20230825 14:02:22.905" endtime="20230825 14:02:25.267"/>
</kw>
<kw name="Type in valid email" library="resource">
<kw name="Input Text" library="SeleniumLibrary">
<arg>${LOGININPUT}</arg>
<arg>user04@getnada.com</arg>
<doc>Types the given ``text`` into the text field identified by ``locator``.</doc>
<msg timestamp="20230825 14:02:25.283" level="INFO">Typing text 'user04@getnada.com' into text field 'xpath=//*[@id='login']'.</msg>
<status status="PASS" starttime="20230825 14:02:25.267" endtime="20230825 14:02:25.624"/>
</kw>
<status status="PASS" starttime="20230825 14:02:25.267" endtime="20230825 14:02:25.624"/>
</kw>
<kw name="Type in valid password" library="resource">
<kw name="Input Text" library="SeleniumLibrary">
<arg>${PASSWORDINPUT}</arg>
<arg>Test-1234</arg>
<doc>Types the given ``text`` into the text field identified by ``locator``.</doc>
<msg timestamp="20230825 14:02:25.624" level="INFO">Typing text 'Test-1234' into text field 'xpath=//*[@id='password']'.</msg>
<status status="PASS" starttime="20230825 14:02:25.624" endtime="20230825 14:02:25.778"/>
</kw>
<status status="PASS" starttime="20230825 14:02:25.624" endtime="20230825 14:02:25.778"/>
</kw>
<kw name="Click on the Sign In button" library="resource">
<kw name="Click Element" library="SeleniumLibrary">
<arg>${SIGNINBUTTON}</arg>
<doc>Click the element identified by ``locator``.</doc>
<msg timestamp="20230825 14:02:25.778" level="INFO">Clicking element 'xpath=//*[@type='submit']'.</msg>
<status status="PASS" starttime="20230825 14:02:25.778" endtime="20230825 14:02:25.841"/>
</kw>
<status status="PASS" starttime="20230825 14:02:25.778" endtime="20230825 14:02:25.841"/>
</kw>
<kw name="Assert dashboard">
<kw name="Wait Until Element Is Visible" library="SeleniumLibrary">
<arg>${PAGELOGO}</arg>
<doc>Waits until the element ``locator`` is visible.</doc>
<status status="PASS" starttime="20230825 14:02:25.841" endtime="20230825 14:02:25.872"/>
</kw>
<kw name="Title Should Be" library="SeleniumLibrary">
<arg>Scouts panel - sign in</arg>
<doc>Verifies that the current page title equals ``title``.</doc>
<msg timestamp="20230825 14:02:25.887" level="INFO">Page title is 'Scouts panel - sign in'.</msg>
<status status="PASS" starttime="20230825 14:02:25.872" endtime="20230825 14:02:25.887"/>
</kw>
<kw name="Capture Page Screenshot" library="SeleniumLibrary">
<arg>alert.png</arg>
<doc>Takes a screenshot of the current page and embeds it into a log file.</doc>
<msg timestamp="20230825 14:02:26.122" level="INFO" html="true">&lt;/td&gt;&lt;/tr&gt;&lt;tr&gt;&lt;td colspan="3"&gt;&lt;a href="alert.png"&gt;&lt;img src="alert.png" width="800px"&gt;&lt;/a&gt;</msg>
<status status="PASS" starttime="20230825 14:02:25.887" endtime="20230825 14:02:26.122"/>
</kw>
<status status="PASS" starttime="20230825 14:02:25.841" endtime="20230825 14:02:26.122"/>
</kw>
<kw name="Close Browser" library="SeleniumLibrary" type="TEARDOWN">
<doc>Closes the current browser.</doc>
<status status="PASS" starttime="20230825 14:02:26.122" endtime="20230825 14:02:28.377"/>
</kw>
<status status="PASS" starttime="20230825 14:02:22.905" endtime="20230825 14:02:28.377"/>
</test>
<test id="s1-s4-t2" name="Login to the system by entering invalid login" line="23">
<kw name="Open login page" library="resource">
<kw name="Open Browser" library="SeleniumLibrary">
<arg>${LOGIN URL}</arg>
<arg>${BROWSER}</arg>
<doc>Opens a new browser instance to the optional ``url``.</doc>
<msg timestamp="20230825 14:02:28.377" level="INFO">Opening browser 'Chrome' to base url 'https://scouts-test.futbolkolektyw.pl/en'.</msg>
<status status="PASS" starttime="20230825 14:02:28.377" endtime="20230825 14:02:30.491"/>
</kw>
<status status="PASS" starttime="20230825 14:02:28.377" endtime="20230825 14:02:30.491"/>
</kw>
<kw name="Type in invalid email">
<kw name="Input Text" library="SeleniumLibrary">
<arg>${LOGININPUT}</arg>
<arg>user04@gmail.pl</arg>
<doc>Types the given ``text`` into the text field identified by ``locator``.</doc>
<msg timestamp="20230825 14:02:30.506" level="INFO">Typing text 'user04@gmail.pl' into text field 'xpath=//*[@id='login']'.</msg>
<status status="PASS" starttime="20230825 14:02:30.506" endtime="20230825 14:02:30.744"/>
</kw>
<status status="PASS" starttime="20230825 14:02:30.506" endtime="20230825 14:02:30.744"/>
</kw>
<kw name="Type in valid password" library="resource">
<kw name="Input Text" library="SeleniumLibrary">
<arg>${PASSWORDINPUT}</arg>
<arg>Test-1234</arg>
<doc>Types the given ``text`` into the text field identified by ``locator``.</doc>
<msg timestamp="20230825 14:02:30.744" level="INFO">Typing text 'Test-1234' into text field 'xpath=//*[@id='password']'.</msg>
<status status="PASS" starttime="20230825 14:02:30.744" endtime="20230825 14:02:30.893"/>
</kw>
<status status="PASS" starttime="20230825 14:02:30.744" endtime="20230825 14:02:30.893"/>
</kw>
<kw name="Click on the Sign In button" library="resource">
<kw name="Click Element" library="SeleniumLibrary">
<arg>${SIGNINBUTTON}</arg>
<doc>Click the element identified by ``locator``.</doc>
<msg timestamp="20230825 14:02:30.893" level="INFO">Clicking element 'xpath=//*[@type='submit']'.</msg>
<status status="PASS" starttime="20230825 14:02:30.893" endtime="20230825 14:02:30.960"/>
</kw>
<status status="PASS" starttime="20230825 14:02:30.893" endtime="20230825 14:02:30.960"/>
</kw>
<kw name="Assert checking invalid message">
<kw name="Wait Until Element Is Visible" library="SeleniumLibrary">
<arg>${INVALIDMESSAGE}</arg>
<doc>Waits until the element ``locator`` is visible.</doc>
<status status="PASS" starttime="20230825 14:02:30.960" endtime="20230825 14:02:31.202"/>
</kw>
<kw name="Get Text" library="SeleniumLibrary">
<var>${ACTUALINVALIDMESSAGE}</var>
<arg>${INVALIDMESSAGE}</arg>
<doc>Returns the text value of the element identified by ``locator``.</doc>
<msg timestamp="20230825 14:02:31.224" level="INFO">${ACTUALINVALIDMESSAGE} = Identifier or password invalid.</msg>
<status status="PASS" starttime="20230825 14:02:31.202" endtime="20230825 14:02:31.224"/>
</kw>
<kw name="Should Be Equal" library="BuiltIn">
<arg>${ACTUALINVALIDMESSAGE}</arg>
<arg>Identifier or password invalid.</arg>
<doc>Fails if the given objects are unequal.</doc>
<status status="PASS" starttime="20230825 14:02:31.224" endtime="20230825 14:02:31.224"/>
</kw>
<kw name="Capture Page Screenshot" library="SeleniumLibrary">
<arg>alert.png</arg>
<doc>Takes a screenshot of the current page and embeds it into a log file.</doc>
<msg timestamp="20230825 14:02:31.385" level="INFO" html="true">&lt;/td&gt;&lt;/tr&gt;&lt;tr&gt;&lt;td colspan="3"&gt;&lt;a href="alert.png"&gt;&lt;img src="alert.png" width="800px"&gt;&lt;/a&gt;</msg>
<status status="PASS" starttime="20230825 14:02:31.224" endtime="20230825 14:02:31.385"/>
</kw>
<status status="PASS" starttime="20230825 14:02:30.960" endtime="20230825 14:02:31.385"/>
</kw>
<kw name="Close Browser" library="SeleniumLibrary" type="TEARDOWN">
<doc>Closes the current browser.</doc>
<status status="PASS" starttime="20230825 14:02:31.385" endtime="20230825 14:02:33.618"/>
</kw>
<status status="PASS" starttime="20230825 14:02:28.377" endtime="20230825 14:02:33.618"/>
</test>
<test id="s1-s4-t3" name="Login to the system by entering invalid password" line="31">
<kw name="Open login page" library="resource">
<kw name="Open Browser" library="SeleniumLibrary">
<arg>${LOGIN URL}</arg>
<arg>${BROWSER}</arg>
<doc>Opens a new browser instance to the optional ``url``.</doc>
<msg timestamp="20230825 14:02:33.618" level="INFO">Opening browser 'Chrome' to base url 'https://scouts-test.futbolkolektyw.pl/en'.</msg>
<status status="PASS" starttime="20230825 14:02:33.618" endtime="20230825 14:02:35.571"/>
</kw>
<status status="PASS" starttime="20230825 14:02:33.618" endtime="20230825 14:02:35.571"/>
</kw>
<kw name="Type in valid email" library="resource">
<kw name="Input Text" library="SeleniumLibrary">
<arg>${LOGININPUT}</arg>
<arg>user04@getnada.com</arg>
<doc>Types the given ``text`` into the text field identified by ``locator``.</doc>
<msg timestamp="20230825 14:02:35.571" level="INFO">Typing text 'user04@getnada.com' into text field 'xpath=//*[@id='login']'.</msg>
<status status="PASS" starttime="20230825 14:02:35.571" endtime="20230825 14:02:35.865"/>
</kw>
<status status="PASS" starttime="20230825 14:02:35.571" endtime="20230825 14:02:35.865"/>
</kw>
<kw name="Type in invalid password">
<kw name="Input Text" library="SeleniumLibrary">
<arg>${PASSWORDINPUT}</arg>
<arg>Test</arg>
<doc>Types the given ``text`` into the text field identified by ``locator``.</doc>
<msg timestamp="20230825 14:02:35.866" level="INFO">Typing text 'Test' into text field 'xpath=//*[@id='password']'.</msg>
<status status="PASS" starttime="20230825 14:02:35.866" endtime="20230825 14:02:35.985"/>
</kw>
<status status="PASS" starttime="20230825 14:02:35.866" endtime="20230825 14:02:35.985"/>
</kw>
<kw name="Click on the Sign In button" library="resource">
<kw name="Click Element" library="SeleniumLibrary">
<arg>${SIGNINBUTTON}</arg>
<doc>Click the element identified by ``locator``.</doc>
<msg timestamp="20230825 14:02:35.985" level="INFO">Clicking element 'xpath=//*[@type='submit']'.</msg>
<status status="PASS" starttime="20230825 14:02:35.985" endtime="20230825 14:02:36.052"/>
</kw>
<status status="PASS" starttime="20230825 14:02:35.985" endtime="20230825 14:02:36.052"/>
</kw>
<kw name="Assert checking invalid message">
<kw name="Wait Until Element Is Visible" library="SeleniumLibrary">
<arg>${INVALIDMESSAGE}</arg>
<doc>Waits until the element ``locator`` is visible.</doc>
<status status="PASS" starttime="20230825 14:02:36.052" endtime="20230825 14:02:36.751"/>
</kw>
<kw name="Get Text" library="SeleniumLibrary">
<var>${ACTUALINVALIDMESSAGE}</var>
<arg>${INVALIDMESSAGE}</arg>
<doc>Returns the text value of the element identified by ``locator``.</doc>
<msg timestamp="20230825 14:02:36.775" level="INFO">${ACTUALINVALIDMESSAGE} = Identifier or password invalid.</msg>
<status status="PASS" starttime="20230825 14:02:36.751" endtime="20230825 14:02:36.775"/>
</kw>
<kw name="Should Be Equal" library="BuiltIn">
<arg>${ACTUALINVALIDMESSAGE}</arg>
<arg>Identifier or password invalid.</arg>
<doc>Fails if the given objects are unequal.</doc>
<status status="PASS" starttime="20230825 14:02:36.775" endtime="20230825 14:02:36.775"/>
</kw>
<kw name="Capture Page Screenshot" library="SeleniumLibrary">
<arg>alert.png</arg>
<doc>Takes a screenshot of the current page and embeds it into a log file.</doc>
<msg timestamp="20230825 14:02:36.937" level="INFO" html="true">&lt;/td&gt;&lt;/tr&gt;&lt;tr&gt;&lt;td colspan="3"&gt;&lt;a href="alert.png"&gt;&lt;img src="alert.png" width="800px"&gt;&lt;/a&gt;</msg>
<status status="PASS" starttime="20230825 14:02:36.775" endtime="20230825 14:02:36.937"/>
</kw>
<status status="PASS" starttime="20230825 14:02:36.052" endtime="20230825 14:02:36.937"/>
</kw>
<kw name="Close Browser" library="SeleniumLibrary" type="TEARDOWN">
<doc>Closes the current browser.</doc>
<status status="PASS" starttime="20230825 14:02:36.937" endtime="20230825 14:02:39.208"/>
</kw>
<status status="PASS" starttime="20230825 14:02:33.618" endtime="20230825 14:02:39.208"/>
</test>
<test id="s1-s4-t4" name="Change language on the login page" line="39">
<kw name="Open login page" library="resource">
<kw name="Open Browser" library="SeleniumLibrary">
<arg>${LOGIN URL}</arg>
<arg>${BROWSER}</arg>
<doc>Opens a new browser instance to the optional ``url``.</doc>
<msg timestamp="20230825 14:02:39.208" level="INFO">Opening browser 'Chrome' to base url 'https://scouts-test.futbolkolektyw.pl/en'.</msg>
<status status="PASS" starttime="20230825 14:02:39.208" endtime="20230825 14:02:41.244"/>
</kw>
<status status="PASS" starttime="20230825 14:02:39.208" endtime="20230825 14:02:41.244"/>
</kw>
<kw name="Click on the dropdown list with languages">
<kw name="Click Element" library="SeleniumLibrary">
<arg>${LANGUAGECHANGEBUTTON}</arg>
<doc>Click the element identified by ``locator``.</doc>
<msg timestamp="20230825 14:02:41.246" level="INFO">Clicking element 'xpath=//*[contains(@class, 'MuiSelect-root')]'.</msg>
<status status="PASS" starttime="20230825 14:02:41.245" endtime="20230825 14:02:41.360"/>
</kw>
<status status="PASS" starttime="20230825 14:02:41.245" endtime="20230825 14:02:41.360"/>
</kw>
<kw name="Click on the Polish language">
<kw name="Click Element" library="SeleniumLibrary">
<arg>${POLISHLANGUAGE}</arg>
<doc>Click the element identified by ``locator``.</doc>
<msg timestamp="20230825 14:02:41.360" level="INFO">Clicking element 'xpath=//*[@data-value='pl']'.</msg>
<status status="PASS" starttime="20230825 14:02:41.360" endtime="20230825 14:02:41.486"/>
</kw>
<status status="PASS" starttime="20230825 14:02:41.360" endtime="20230825 14:02:41.486"/>
</kw>
<kw name="Assert changing language to Polish">
<kw name="Wait Until Element Is Visible" library="SeleniumLibrary">
<arg>${REMINDERINPOLISH}</arg>
<doc>Waits until the element ``locator`` is visible.</doc>
<status status="PASS" starttime="20230825 14:02:41.486" endtime="20230825 14:02:41.548"/>
</kw>
<kw name="Get Text" library="SeleniumLibrary">
<var>${ACTUALLANGUAGE}</var>
<arg>${REMINDERINPOLISH}</arg>
<doc>Returns the text value of the element identified by ``locator``.</doc>
<msg timestamp="20230825 14:02:41.582" level="INFO">${ACTUALLANGUAGE} = Przypomnij hasło</msg>
<status status="PASS" starttime="20230825 14:02:41.548" endtime="20230825 14:02:41.582"/>
</kw>
<kw name="Should Be Equal" library="BuiltIn">
<arg>${ACTUALLANGUAGE}</arg>
<arg>Przypomnij hasło</arg>
<doc>Fails if the given objects are unequal.</doc>
<status status="PASS" starttime="20230825 14:02:41.582" endtime="20230825 14:02:41.582"/>
</kw>
<status status="PASS" starttime="20230825 14:02:41.486" endtime="20230825 14:02:41.582"/>
</kw>
<kw name="Click on the dropdown list with languages again">
<kw name="Click Element" library="SeleniumLibrary">
<arg>${LANGUAGECHANGEBUTTON}</arg>
<doc>Click the element identified by ``locator``.</doc>
<msg timestamp="20230825 14:02:41.582" level="INFO">Clicking element 'xpath=//*[contains(@class, 'MuiSelect-root')]'.</msg>
<status status="PASS" starttime="20230825 14:02:41.582" endtime="20230825 14:02:41.709"/>
</kw>
<status status="PASS" starttime="20230825 14:02:41.582" endtime="20230825 14:02:41.709"/>
</kw>
<kw name="Click on the English language">
<kw name="Click Element" library="SeleniumLibrary">
<arg>${ENGLISHLANGUAGE}</arg>
<doc>Click the element identified by ``locator``.</doc>
<msg timestamp="20230825 14:02:41.709" level="INFO">Clicking element 'xpath=//*[@data-value='en']'.</msg>
<status status="PASS" starttime="20230825 14:02:41.709" endtime="20230825 14:02:41.798"/>
</kw>
<status status="PASS" starttime="20230825 14:02:41.709" endtime="20230825 14:02:41.798"/>
</kw>
<kw name="Assert changing language to English">
<kw name="Wait Until Element Is Visible" library="SeleniumLibrary">
<arg>${REMINDERINENGLISH}</arg>
<doc>Waits until the element ``locator`` is visible.</doc>
<status status="PASS" starttime="20230825 14:02:41.800" endtime="20230825 14:02:41.845"/>
</kw>
<kw name="Get Text" library="SeleniumLibrary">
<var>${ACTUALLANGUAGE}</var>
<arg>${REMINDERINENGLISH}</arg>
<doc>Returns the text value of the element identified by ``locator``.</doc>
<msg timestamp="20230825 14:02:41.862" level="INFO">${ACTUALLANGUAGE} = Remind password</msg>
<status status="PASS" starttime="20230825 14:02:41.845" endtime="20230825 14:02:41.862"/>
</kw>
<kw name="Should Be Equal" library="BuiltIn">
<arg>${ACTUALLANGUAGE}</arg>
<arg>Remind password</arg>
<doc>Fails if the given objects are unequal.</doc>
<status status="PASS" starttime="20230825 14:02:41.862" endtime="20230825 14:02:41.863"/>
</kw>
<kw name="Capture Page Screenshot" library="SeleniumLibrary">
<arg>alert.png</arg>
<doc>Takes a screenshot of the current page and embeds it into a log file.</doc>
<msg timestamp="20230825 14:02:41.958" level="INFO" html="true">&lt;/td&gt;&lt;/tr&gt;&lt;tr&gt;&lt;td colspan="3"&gt;&lt;a href="alert.png"&gt;&lt;img src="alert.png" width="800px"&gt;&lt;/a&gt;</msg>
<status status="PASS" starttime="20230825 14:02:41.863" endtime="20230825 14:02:41.958"/>
</kw>
<status status="PASS" starttime="20230825 14:02:41.799" endtime="20230825 14:02:41.958"/>
</kw>
<kw name="Close Browser" library="SeleniumLibrary" type="TEARDOWN">
<doc>Closes the current browser.</doc>
<status status="PASS" starttime="20230825 14:02:41.958" endtime="20230825 14:02:44.202"/>
</kw>
<status status="PASS" starttime="20230825 14:02:39.208" endtime="20230825 14:02:44.202"/>
</test>
<doc>Suite description #automated tests for scout website</doc>
<status status="PASS" starttime="20230825 14:02:22.874" endtime="20230825 14:02:44.202"/>
</suite>
<status status="PASS" starttime="20230825 14:01:36.065" endtime="20230825 14:02:44.218"/>
</suite>
<statistics>
<total>
<stat pass="9" fail="0" skip="0">All Tests</stat>
</total>
<tag>
</tag>
<suite>
<stat pass="9" fail="0" skip="0" id="s1" name="Tests">Tests</stat>
<stat pass="1" fail="0" skip="0" id="s1-s1" name="Test Sign Out Rf">Tests.Test Sign Out Rf</stat>
<stat pass="2" fail="0" skip="0" id="s1-s2" name="Test Suite Add Player Form Rf">Tests.Test Suite Add Player Form Rf</stat>
<stat pass="2" fail="0" skip="0" id="s1-s3" name="Test Suite Edit Player Form Rf">Tests.Test Suite Edit Player Form Rf</stat>
<stat pass="4" fail="0" skip="0" id="s1-s4" name="Test Suite Login Rf">Tests.Test Suite Login Rf</stat>
</suite>
</statistics>
<errors>
</errors>
</robot>
